c:\users\ruchita kondvilkar\desktop\physicallybasedrendering\x64\debug\vc141.pdb
c:\users\ruchita kondvilkar\desktop\physicallybasedrendering\x64\debug\vc141.idb
c:\users\ruchita kondvilkar\desktop\physicallybasedrendering\x64\debug\simpleshader.obj
c:\users\ruchita kondvilkar\desktop\physicallybasedrendering\x64\debug\mesh.obj
c:\users\ruchita kondvilkar\desktop\physicallybasedrendering\x64\debug\material.obj
c:\users\ruchita kondvilkar\desktop\physicallybasedrendering\x64\debug\main.obj
c:\users\ruchita kondvilkar\desktop\physicallybasedrendering\x64\debug\gameentity.obj
c:\users\ruchita kondvilkar\desktop\physicallybasedrendering\x64\debug\game.obj
c:\users\ruchita kondvilkar\desktop\physicallybasedrendering\x64\debug\dxcore.obj
c:\users\ruchita kondvilkar\desktop\physicallybasedrendering\x64\debug\camera.obj
c:\users\ruchita kondvilkar\desktop\physicallybasedrendering\x64\debug\convolutionpixelshader.cso
c:\users\ruchita kondvilkar\desktop\physicallybasedrendering\x64\debug\pbrmaterialpixelshader.cso
c:\users\ruchita kondvilkar\desktop\physicallybasedrendering\x64\debug\pbrmaterialvertexshader.cso
c:\users\ruchita kondvilkar\desktop\physicallybasedrendering\x64\debug\pbrpixelshader.cso
c:\users\ruchita kondvilkar\desktop\physicallybasedrendering\x64\debug\pbrvertexshader.cso
c:\users\ruchita kondvilkar\desktop\physicallybasedrendering\x64\debug\pixelshader.cso
c:\users\ruchita kondvilkar\desktop\physicallybasedrendering\x64\debug\skyboxpixelshader.cso
c:\users\ruchita kondvilkar\desktop\physicallybasedrendering\x64\debug\skyboxvertexshader.cso
c:\users\ruchita kondvilkar\desktop\physicallybasedrendering\x64\debug\vertexshader.cso
c:\users\ruchita kondvilkar\desktop\physicallybasedrendering\x64\debug\physicallybasedrendering.ilk
c:\users\ruchita kondvilkar\desktop\physicallybasedrendering\x64\debug\physicallybasedrendering.exe
c:\users\ruchita kondvilkar\desktop\physicallybasedrendering\x64\debug\physicallybasedrendering.pdb
c:\users\ruchita kondvilkar\desktop\physicallybasedrendering\x64\debug\physical.2970f509.tlog\cl.command.1.tlog
c:\users\ruchita kondvilkar\desktop\physicallybasedrendering\x64\debug\physical.2970f509.tlog\cl.read.1.tlog
c:\users\ruchita kondvilkar\desktop\physicallybasedrendering\x64\debug\physical.2970f509.tlog\cl.write.1.tlog
c:\users\ruchita kondvilkar\desktop\physicallybasedrendering\x64\debug\physical.2970f509.tlog\fxc.command.1.tlog
c:\users\ruchita kondvilkar\desktop\physicallybasedrendering\x64\debug\physical.2970f509.tlog\fxc.read.1.tlog
c:\users\ruchita kondvilkar\desktop\physicallybasedrendering\x64\debug\physical.2970f509.tlog\fxc.write.1.tlog
c:\users\ruchita kondvilkar\desktop\physicallybasedrendering\x64\debug\physical.2970f509.tlog\link.command.1.tlog
c:\users\ruchita kondvilkar\desktop\physicallybasedrendering\x64\debug\physical.2970f509.tlog\link.read.1.tlog
c:\users\ruchita kondvilkar\desktop\physicallybasedrendering\x64\debug\physical.2970f509.tlog\link.write.1.tlog
